<?xml version="1.0" encoding="UTF-8"?>
<!-- Generated by org.testng.reporters.JUnitReportReporter -->
<testsuite hostname="DESKTOP-QND3A7T" name="Selenium.com.auto.Baidu" tests="1" failures="0" timestamp="25 Sep 2017 09:50:34 GMT" time="8.755" errors="0">
  <testcase name="Test" time="8.755" classname="Selenium.com.auto.Baidu"/>
</testsuite> <!-- Selenium.com.auto.Baidu -->
